<?xml version="1.0" encoding="UTF-8"?>
<!-- Generated by org.testng.reporters.JUnitReportReporter -->
<testsuite hostname="Motasems-MacBook-Pro.local" failures="0" tests="1" name="com.testCases.JMB_TC_004" time="3.153" errors="0" timestamp="29 Feb 2020 04:50:40 GMT" skipped="0">
  <testcase classname="com.testCases.JMB_TC_004" name="JMB_TC_004" time="3.153"/>
</testsuite> <!-- com.testCases.JMB_TC_004 -->
